<?xml version="1.0" encoding="UTF-8"?>
<testsuite xmlns:xsi="http://www.w3.org/2001/XMLSchema-instance"
           xsi:noNamespaceSchemaLocation="https://maven.apache.org/surefire/maven-surefire-plugin/xsd/surefire-test-report.xsd"
           name="com.cblue.base.BaseApplicationTests" time="4.509" tests="1" errors="0" skipped="0" failures="0">
    <properties>
        <property name="gopherProxySet" value="false"/>
        <property name="awt.toolkit" value="sun.lwawt.macosx.LWCToolkit"/>
        <property name="http.proxyHost" value="127.0.0.1"/>
        <property name="file.encoding.pkg" value="sun.io"/>
        <property name="java.specification.version" value="1.8"/>
        <property name="sun.cpu.isalist" value=""/>
        <property name="sun.jnu.encoding" value="UTF-8"/>
        <property name="java.class.path"
                  value="/Users/pavel/Documents/idea_base/target/test-classes:/Users/pavel/Documents/idea_base/target/classes:/Users/pavel/Documents/repo/org/springframework/boot/spring-boot-starter-web/2.1.0.RELEASE/spring-boot-starter-web-2.1.0.RELEASE.jar:/Users/pavel/Documents/repo/org/springframework/boot/spring-boot-starter/2.1.0.RELEASE/spring-boot-starter-2.1.0.RELEASE.jar:/Users/pavel/Documents/repo/org/springframework/boot/spring-boot/2.1.0.RELEASE/spring-boot-2.1.0.RELEASE.jar:/Users/pavel/Documents/repo/org/springframework/boot/spring-boot-autoconfigure/2.1.0.RELEASE/spring-boot-autoconfigure-2.1.0.RELEASE.jar:/Users/pavel/Documents/repo/org/springframework/boot/spring-boot-starter-logging/2.1.0.RELEASE/spring-boot-starter-logging-2.1.0.RELEASE.jar:/Users/pavel/Documents/repo/ch/qos/logback/logback-classic/1.2.3/logback-classic-1.2.3.jar:/Users/pavel/Documents/repo/ch/qos/logback/logback-core/1.2.3/logback-core-1.2.3.jar:/Users/pavel/Documents/repo/org/apache/logging/log4j/log4j-to-slf4j/2.11.1/log4j-to-slf4j-2.11.1.jar:/Users/pavel/Documents/repo/org/apache/logging/log4j/log4j-api/2.11.1/log4j-api-2.11.1.jar:/Users/pavel/Documents/repo/org/slf4j/jul-to-slf4j/1.7.25/jul-to-slf4j-1.7.25.jar:/Users/pavel/Documents/repo/javax/annotation/javax.annotation-api/1.3.2/javax.annotation-api-1.3.2.jar:/Users/pavel/Documents/repo/org/yaml/snakeyaml/1.23/snakeyaml-1.23.jar:/Users/pavel/Documents/repo/org/springframework/boot/spring-boot-starter-json/2.1.0.RELEASE/spring-boot-starter-json-2.1.0.RELEASE.jar:/Users/pavel/Documents/repo/com/fasterxml/jackson/core/jackson-databind/2.9.7/jackson-databind-2.9.7.jar:/Users/pavel/Documents/repo/com/fasterxml/jackson/core/jackson-annotations/2.9.0/jackson-annotations-2.9.0.jar:/Users/pavel/Documents/repo/com/fasterxml/jackson/core/jackson-core/2.9.7/jackson-core-2.9.7.jar:/Users/pavel/Documents/repo/com/fasterxml/jackson/datatype/jackson-datatype-jdk8/2.9.7/jackson-datatype-jdk8-2.9.7.jar:/Users/pavel/Documents/repo/com/fasterxml/jackson/datatype/jackson-datatype-jsr310/2.9.7/jackson-datatype-jsr310-2.9.7.jar:/Users/pavel/Documents/repo/com/fasterxml/jackson/module/jackson-module-parameter-names/2.9.7/jackson-module-parameter-names-2.9.7.jar:/Users/pavel/Documents/repo/org/springframework/boot/spring-boot-starter-tomcat/2.1.0.RELEASE/spring-boot-starter-tomcat-2.1.0.RELEASE.jar:/Users/pavel/Documents/repo/org/apache/tomcat/embed/tomcat-embed-core/9.0.12/tomcat-embed-core-9.0.12.jar:/Users/pavel/Documents/repo/org/apache/tomcat/embed/tomcat-embed-el/9.0.12/tomcat-embed-el-9.0.12.jar:/Users/pavel/Documents/repo/org/apache/tomcat/embed/tomcat-embed-websocket/9.0.12/tomcat-embed-websocket-9.0.12.jar:/Users/pavel/Documents/repo/org/hibernate/validator/hibernate-validator/6.0.13.Final/hibernate-validator-6.0.13.Final.jar:/Users/pavel/Documents/repo/javax/validation/validation-api/2.0.1.Final/validation-api-2.0.1.Final.jar:/Users/pavel/Documents/repo/org/jboss/logging/jboss-logging/3.3.2.Final/jboss-logging-3.3.2.Final.jar:/Users/pavel/Documents/repo/com/fasterxml/classmate/1.4.0/classmate-1.4.0.jar:/Users/pavel/Documents/repo/org/springframework/spring-web/5.1.2.RELEASE/spring-web-5.1.2.RELEASE.jar:/Users/pavel/Documents/repo/org/springframework/spring-beans/5.1.2.RELEASE/spring-beans-5.1.2.RELEASE.jar:/Users/pavel/Documents/repo/org/springframework/spring-webmvc/5.1.2.RELEASE/spring-webmvc-5.1.2.RELEASE.jar:/Users/pavel/Documents/repo/org/springframework/spring-aop/5.1.2.RELEASE/spring-aop-5.1.2.RELEASE.jar:/Users/pavel/Documents/repo/org/springframework/spring-context/5.1.2.RELEASE/spring-context-5.1.2.RELEASE.jar:/Users/pavel/Documents/repo/org/springframework/spring-expression/5.1.2.RELEASE/spring-expression-5.1.2.RELEASE.jar:/Users/pavel/Documents/repo/org/springframework/boot/spring-boot-starter-test/2.1.0.RELEASE/spring-boot-starter-test-2.1.0.RELEASE.jar:/Users/pavel/Documents/repo/org/springframework/boot/spring-boot-test/2.1.0.RELEASE/spring-boot-test-2.1.0.RELEASE.jar:/Users/pavel/Documents/repo/org/springframework/boot/spring-boot-test-autoconfigure/2.1.0.RELEASE/spring-boot-test-autoconfigure-2.1.0.RELEASE.jar:/Users/pavel/Documents/repo/com/jayway/jsonpath/json-path/2.4.0/json-path-2.4.0.jar:/Users/pavel/Documents/repo/net/minidev/json-smart/2.3/json-smart-2.3.jar:/Users/pavel/Documents/repo/net/minidev/accessors-smart/1.2/accessors-smart-1.2.jar:/Users/pavel/Documents/repo/org/ow2/asm/asm/5.0.4/asm-5.0.4.jar:/Users/pavel/Documents/repo/org/slf4j/slf4j-api/1.7.25/slf4j-api-1.7.25.jar:/Users/pavel/Documents/repo/junit/junit/4.12/junit-4.12.jar:/Users/pavel/Documents/repo/org/assertj/assertj-core/3.11.1/assertj-core-3.11.1.jar:/Users/pavel/Documents/repo/org/mockito/mockito-core/2.23.0/mockito-core-2.23.0.jar:/Users/pavel/Documents/repo/net/bytebuddy/byte-buddy/1.9.3/byte-buddy-1.9.3.jar:/Users/pavel/Documents/repo/net/bytebuddy/byte-buddy-agent/1.9.3/byte-buddy-agent-1.9.3.jar:/Users/pavel/Documents/repo/org/objenesis/objenesis/2.6/objenesis-2.6.jar:/Users/pavel/Documents/repo/org/hamcrest/hamcrest-core/1.3/hamcrest-core-1.3.jar:/Users/pavel/Documents/repo/org/hamcrest/hamcrest-library/1.3/hamcrest-library-1.3.jar:/Users/pavel/Documents/repo/org/skyscreamer/jsonassert/1.5.0/jsonassert-1.5.0.jar:/Users/pavel/Documents/repo/com/vaadin/external/google/android-json/0.0.20131108.vaadin1/android-json-0.0.20131108.vaadin1.jar:/Users/pavel/Documents/repo/org/springframework/spring-core/5.1.2.RELEASE/spring-core-5.1.2.RELEASE.jar:/Users/pavel/Documents/repo/org/springframework/spring-jcl/5.1.2.RELEASE/spring-jcl-5.1.2.RELEASE.jar:/Users/pavel/Documents/repo/org/springframework/spring-test/5.1.2.RELEASE/spring-test-5.1.2.RELEASE.jar:/Users/pavel/Documents/repo/org/xmlunit/xmlunit-core/2.6.2/xmlunit-core-2.6.2.jar:"/>
        <property name="https.proxyPort" value="49589"/>
        <property name="java.vm.vendor" value="Oracle Corporation"/>
        <property name="sun.arch.data.model" value="64"/>
        <property name="java.vendor.url" value="http://java.oracle.com/"/>
        <property name="user.timezone" value=""/>
        <property name="java.vm.specification.version" value="1.8"/>
        <property name="os.name" value="Mac OS X"/>
        <property name="user.country" value="CN"/>
        <property name="sun.java.launcher" value="SUN_STANDARD"/>
        <property name="sun.boot.library.path"
                  value="/Library/Java/JavaVirtualMachines/jdk1.8.0_181.jdk/Contents/Home/jre/lib"/>
        <property name="sun.java.command"
                  value="/Users/pavel/Documents/idea_base/target/surefire/surefirebooter1557254668792635171.jar /Users/pavel/Documents/idea_base/target/surefire 2018-11-19T15-32-59_025-jvmRun1 surefire5299754144162515390tmp surefire_01619005249237074159tmp"/>
        <property name="http.nonProxyHosts" value="local|*.local|169.254/16|*.169.254/16"/>
        <property name="surefire.test.class.path"
                  value="/Users/pavel/Documents/idea_base/target/test-classes:/Users/pavel/Documents/idea_base/target/classes:/Users/pavel/Documents/repo/org/springframework/boot/spring-boot-starter-web/2.1.0.RELEASE/spring-boot-starter-web-2.1.0.RELEASE.jar:/Users/pavel/Documents/repo/org/springframework/boot/spring-boot-starter/2.1.0.RELEASE/spring-boot-starter-2.1.0.RELEASE.jar:/Users/pavel/Documents/repo/org/springframework/boot/spring-boot/2.1.0.RELEASE/spring-boot-2.1.0.RELEASE.jar:/Users/pavel/Documents/repo/org/springframework/boot/spring-boot-autoconfigure/2.1.0.RELEASE/spring-boot-autoconfigure-2.1.0.RELEASE.jar:/Users/pavel/Documents/repo/org/springframework/boot/spring-boot-starter-logging/2.1.0.RELEASE/spring-boot-starter-logging-2.1.0.RELEASE.jar:/Users/pavel/Documents/repo/ch/qos/logback/logback-classic/1.2.3/logback-classic-1.2.3.jar:/Users/pavel/Documents/repo/ch/qos/logback/logback-core/1.2.3/logback-core-1.2.3.jar:/Users/pavel/Documents/repo/org/apache/logging/log4j/log4j-to-slf4j/2.11.1/log4j-to-slf4j-2.11.1.jar:/Users/pavel/Documents/repo/org/apache/logging/log4j/log4j-api/2.11.1/log4j-api-2.11.1.jar:/Users/pavel/Documents/repo/org/slf4j/jul-to-slf4j/1.7.25/jul-to-slf4j-1.7.25.jar:/Users/pavel/Documents/repo/javax/annotation/javax.annotation-api/1.3.2/javax.annotation-api-1.3.2.jar:/Users/pavel/Documents/repo/org/yaml/snakeyaml/1.23/snakeyaml-1.23.jar:/Users/pavel/Documents/repo/org/springframework/boot/spring-boot-starter-json/2.1.0.RELEASE/spring-boot-starter-json-2.1.0.RELEASE.jar:/Users/pavel/Documents/repo/com/fasterxml/jackson/core/jackson-databind/2.9.7/jackson-databind-2.9.7.jar:/Users/pavel/Documents/repo/com/fasterxml/jackson/core/jackson-annotations/2.9.0/jackson-annotations-2.9.0.jar:/Users/pavel/Documents/repo/com/fasterxml/jackson/core/jackson-core/2.9.7/jackson-core-2.9.7.jar:/Users/pavel/Documents/repo/com/fasterxml/jackson/datatype/jackson-datatype-jdk8/2.9.7/jackson-datatype-jdk8-2.9.7.jar:/Users/pavel/Documents/repo/com/fasterxml/jackson/datatype/jackson-datatype-jsr310/2.9.7/jackson-datatype-jsr310-2.9.7.jar:/Users/pavel/Documents/repo/com/fasterxml/jackson/module/jackson-module-parameter-names/2.9.7/jackson-module-parameter-names-2.9.7.jar:/Users/pavel/Documents/repo/org/springframework/boot/spring-boot-starter-tomcat/2.1.0.RELEASE/spring-boot-starter-tomcat-2.1.0.RELEASE.jar:/Users/pavel/Documents/repo/org/apache/tomcat/embed/tomcat-embed-core/9.0.12/tomcat-embed-core-9.0.12.jar:/Users/pavel/Documents/repo/org/apache/tomcat/embed/tomcat-embed-el/9.0.12/tomcat-embed-el-9.0.12.jar:/Users/pavel/Documents/repo/org/apache/tomcat/embed/tomcat-embed-websocket/9.0.12/tomcat-embed-websocket-9.0.12.jar:/Users/pavel/Documents/repo/org/hibernate/validator/hibernate-validator/6.0.13.Final/hibernate-validator-6.0.13.Final.jar:/Users/pavel/Documents/repo/javax/validation/validation-api/2.0.1.Final/validation-api-2.0.1.Final.jar:/Users/pavel/Documents/repo/org/jboss/logging/jboss-logging/3.3.2.Final/jboss-logging-3.3.2.Final.jar:/Users/pavel/Documents/repo/com/fasterxml/classmate/1.4.0/classmate-1.4.0.jar:/Users/pavel/Documents/repo/org/springframework/spring-web/5.1.2.RELEASE/spring-web-5.1.2.RELEASE.jar:/Users/pavel/Documents/repo/org/springframework/spring-beans/5.1.2.RELEASE/spring-beans-5.1.2.RELEASE.jar:/Users/pavel/Documents/repo/org/springframework/spring-webmvc/5.1.2.RELEASE/spring-webmvc-5.1.2.RELEASE.jar:/Users/pavel/Documents/repo/org/springframework/spring-aop/5.1.2.RELEASE/spring-aop-5.1.2.RELEASE.jar:/Users/pavel/Documents/repo/org/springframework/spring-context/5.1.2.RELEASE/spring-context-5.1.2.RELEASE.jar:/Users/pavel/Documents/repo/org/springframework/spring-expression/5.1.2.RELEASE/spring-expression-5.1.2.RELEASE.jar:/Users/pavel/Documents/repo/org/springframework/boot/spring-boot-starter-test/2.1.0.RELEASE/spring-boot-starter-test-2.1.0.RELEASE.jar:/Users/pavel/Documents/repo/org/springframework/boot/spring-boot-test/2.1.0.RELEASE/spring-boot-test-2.1.0.RELEASE.jar:/Users/pavel/Documents/repo/org/springframework/boot/spring-boot-test-autoconfigure/2.1.0.RELEASE/spring-boot-test-autoconfigure-2.1.0.RELEASE.jar:/Users/pavel/Documents/repo/com/jayway/jsonpath/json-path/2.4.0/json-path-2.4.0.jar:/Users/pavel/Documents/repo/net/minidev/json-smart/2.3/json-smart-2.3.jar:/Users/pavel/Documents/repo/net/minidev/accessors-smart/1.2/accessors-smart-1.2.jar:/Users/pavel/Documents/repo/org/ow2/asm/asm/5.0.4/asm-5.0.4.jar:/Users/pavel/Documents/repo/org/slf4j/slf4j-api/1.7.25/slf4j-api-1.7.25.jar:/Users/pavel/Documents/repo/junit/junit/4.12/junit-4.12.jar:/Users/pavel/Documents/repo/org/assertj/assertj-core/3.11.1/assertj-core-3.11.1.jar:/Users/pavel/Documents/repo/org/mockito/mockito-core/2.23.0/mockito-core-2.23.0.jar:/Users/pavel/Documents/repo/net/bytebuddy/byte-buddy/1.9.3/byte-buddy-1.9.3.jar:/Users/pavel/Documents/repo/net/bytebuddy/byte-buddy-agent/1.9.3/byte-buddy-agent-1.9.3.jar:/Users/pavel/Documents/repo/org/objenesis/objenesis/2.6/objenesis-2.6.jar:/Users/pavel/Documents/repo/org/hamcrest/hamcrest-core/1.3/hamcrest-core-1.3.jar:/Users/pavel/Documents/repo/org/hamcrest/hamcrest-library/1.3/hamcrest-library-1.3.jar:/Users/pavel/Documents/repo/org/skyscreamer/jsonassert/1.5.0/jsonassert-1.5.0.jar:/Users/pavel/Documents/repo/com/vaadin/external/google/android-json/0.0.20131108.vaadin1/android-json-0.0.20131108.vaadin1.jar:/Users/pavel/Documents/repo/org/springframework/spring-core/5.1.2.RELEASE/spring-core-5.1.2.RELEASE.jar:/Users/pavel/Documents/repo/org/springframework/spring-jcl/5.1.2.RELEASE/spring-jcl-5.1.2.RELEASE.jar:/Users/pavel/Documents/repo/org/springframework/spring-test/5.1.2.RELEASE/spring-test-5.1.2.RELEASE.jar:/Users/pavel/Documents/repo/org/xmlunit/xmlunit-core/2.6.2/xmlunit-core-2.6.2.jar:"/>
        <property name="sun.cpu.endian" value="little"/>
        <property name="user.home" value="/Users/pavel"/>
        <property name="user.language" value="zh"/>
        <property name="java.specification.vendor" value="Oracle Corporation"/>
        <property name="java.home" value="/Library/Java/JavaVirtualMachines/jdk1.8.0_181.jdk/Contents/Home/jre"/>
        <property name="basedir" value="/Users/pavel/Documents/idea_base"/>
        <property name="https.proxyHost" value="127.0.0.1"/>
        <property name="file.separator" value="/"/>
        <property name="line.separator" value="&#10;"/>
        <property name="java.vm.specification.vendor" value="Oracle Corporation"/>
        <property name="java.specification.name" value="Java Platform API Specification"/>
        <property name="java.awt.graphicsenv" value="sun.awt.CGraphicsEnvironment"/>
        <property name="surefire.real.class.path"
                  value="/Users/pavel/Documents/idea_base/target/surefire/surefirebooter1557254668792635171.jar"/>
        <property name="sun.boot.class.path"
                  value="/Library/Java/JavaVirtualMachines/jdk1.8.0_181.jdk/Contents/Home/jre/lib/resources.jar:/Library/Java/JavaVirtualMachines/jdk1.8.0_181.jdk/Contents/Home/jre/lib/rt.jar:/Library/Java/JavaVirtualMachines/jdk1.8.0_181.jdk/Contents/Home/jre/lib/sunrsasign.jar:/Library/Java/JavaVirtualMachines/jdk1.8.0_181.jdk/Contents/Home/jre/lib/jsse.jar:/Library/Java/JavaVirtualMachines/jdk1.8.0_181.jdk/Contents/Home/jre/lib/jce.jar:/Library/Java/JavaVirtualMachines/jdk1.8.0_181.jdk/Contents/Home/jre/lib/charsets.jar:/Library/Java/JavaVirtualMachines/jdk1.8.0_181.jdk/Contents/Home/jre/lib/jfr.jar:/Library/Java/JavaVirtualMachines/jdk1.8.0_181.jdk/Contents/Home/jre/classes"/>
        <property name="sun.management.compiler" value="HotSpot 64-Bit Tiered Compilers"/>
        <property name="ftp.nonProxyHosts" value="local|*.local|169.254/16|*.169.254/16"/>
        <property name="java.runtime.version" value="1.8.0_181-b13"/>
        <property name="user.name" value="pavel"/>
        <property name="path.separator" value=":"/>
        <property name="os.version" value="10.10.4"/>
        <property name="java.endorsed.dirs"
                  value="/Library/Java/JavaVirtualMachines/jdk1.8.0_181.jdk/Contents/Home/jre/lib/endorsed"/>
        <property name="java.runtime.name" value="Java(TM) SE Runtime Environment"/>
        <property name="file.encoding" value="UTF-8"/>
        <property name="java.vm.name" value="Java HotSpot(TM) 64-Bit Server VM"/>
        <property name="localRepository" value="/Users/pavel/Documents/repo"/>
        <property name="java.vendor.url.bug" value="http://bugreport.sun.com/bugreport/"/>
        <property name="java.io.tmpdir" value="/var/folders/yn/m1kkpmwj7zd8cgctmxv38slm0000gn/T/"/>
        <property name="java.version" value="1.8.0_181"/>
        <property name="user.dir" value="/Users/pavel/Documents/idea_base"/>
        <property name="os.arch" value="x86_64"/>
        <property name="java.vm.specification.name" value="Java Virtual Machine Specification"/>
        <property name="java.awt.printerjob" value="sun.lwawt.macosx.CPrinterJob"/>
        <property name="sun.os.patch.level" value="unknown"/>
        <property name="java.library.path"
                  value="/Users/pavel/Library/Java/Extensions:/Library/Java/Extensions:/Network/Library/Java/Extensions:/System/Library/Java/Extensions:/usr/lib/java:."/>
        <property name="java.vm.info" value="mixed mode"/>
        <property name="java.vendor" value="Oracle Corporation"/>
        <property name="java.vm.version" value="25.181-b13"/>
        <property name="java.ext.dirs"
                  value="/Users/pavel/Library/Java/Extensions:/Library/Java/JavaVirtualMachines/jdk1.8.0_181.jdk/Contents/Home/jre/lib/ext:/Library/Java/Extensions:/Network/Library/Java/Extensions:/System/Library/Java/Extensions:/usr/lib/java"/>
        <property name="sun.io.unicode.encoding" value="UnicodeBig"/>
        <property name="java.class.version" value="52.0"/>
        <property name="socksNonProxyHosts" value="local|*.local|169.254/16|*.169.254/16"/>
        <property name="http.proxyPort" value="49589"/>
    </properties>
    <testcase name="contextLoads" classname="com.cblue.base.BaseApplicationTests" time="0.17"/>
</testsuite>